<?xml version="1.0" encoding="UTF-8"?>
<coverage generated="1607201865239" clover="3.2.0">
  <project timestamp="1607201865239" name="All files">
    <metrics statements="59" coveredstatements="56" conditionals="30" coveredconditionals="23" methods="9" coveredmethods="9" elements="98" coveredelements="88" complexity="0" loc="59" ncloc="59" packages="1" files="2" classes="2"/>
    <file name="linked-list.js" path="/Users/evgeniya/Desktop/computer-science/ds-week4/src/linked-list.js">
      <metrics statements="57" coveredstatements="54" conditionals="30" coveredconditionals="23" methods="8" coveredmethods="8"/>
      <line num="5" count="3" type="stmt"/>
      <line num="9" count="75" type="stmt"/>
      <line num="10" count="75" type="cond" truecount="2" falsecount="0"/>
      <line num="11" count="19" type="stmt"/>
      <line num="13" count="56" type="stmt"/>
      <line num="14" count="56" type="stmt"/>
      <line num="15" count="60" type="stmt"/>
      <line num="17" count="56" type="stmt"/>
      <line num="22" count="5" type="stmt"/>
      <line num="23" count="5" type="cond" truecount="2" falsecount="0"/>
      <line num="24" count="1" type="stmt"/>
      <line num="26" count="4" type="stmt"/>
      <line num="27" count="4" type="stmt"/>
      <line num="28" count="4" type="cond" truecount="2" falsecount="0"/>
      <line num="29" count="10" type="stmt"/>
      <line num="30" count="10" type="stmt"/>
      <line num="32" count="4" type="cond" truecount="2" falsecount="0"/>
      <line num="33" count="1" type="stmt"/>
      <line num="35" count="3" type="stmt"/>
      <line num="36" count="3" type="stmt"/>
      <line num="42" count="2" type="stmt"/>
      <line num="43" count="2" type="cond" truecount="1" falsecount="1"/>
      <line num="44" count="0" type="stmt"/>
      <line num="46" count="2" type="stmt"/>
      <line num="47" count="2" type="stmt"/>
      <line num="52" count="3" type="stmt"/>
      <line num="53" count="3" type="stmt"/>
      <line num="54" count="3" type="cond" truecount="2" falsecount="0"/>
      <line num="55" count="6" type="stmt"/>
      <line num="56" count="6" type="stmt"/>
      <line num="58" count="3" type="cond" truecount="2" falsecount="0"/>
      <line num="59" count="1" type="stmt"/>
      <line num="61" count="2" type="stmt"/>
      <line num="66" count="3" type="cond" truecount="4" falsecount="0"/>
      <line num="67" count="2" type="stmt"/>
      <line num="69" count="1" type="stmt"/>
      <line num="70" count="1" type="stmt"/>
      <line num="71" count="1" type="cond" truecount="2" falsecount="0"/>
      <line num="72" count="4" type="stmt"/>
      <line num="73" count="4" type="stmt"/>
      <line num="75" count="1" type="cond" truecount="1" falsecount="1"/>
      <line num="76" count="1" type="stmt"/>
      <line num="78" count="0" type="cond" truecount="0" falsecount="4"/>
      <line num="79" count="0" type="stmt"/>
      <line num="85" count="2" type="stmt"/>
      <line num="86" count="2" type="stmt"/>
      <line num="87" count="7" type="cond" truecount="2" falsecount="0"/>
      <line num="88" count="1" type="stmt"/>
      <line num="90" count="6" type="stmt"/>
      <line num="93" count="1" type="cond" truecount="1" falsecount="1"/>
      <line num="94" count="1" type="stmt"/>
      <line num="99" count="3" type="stmt"/>
      <line num="100" count="3" type="stmt"/>
      <line num="101" count="3" type="stmt"/>
      <line num="102" count="12" type="stmt"/>
      <line num="103" count="12" type="stmt"/>
      <line num="105" count="3" type="stmt"/>
    </file>
    <file name="node.js" path="/Users/evgeniya/Desktop/computer-science/ds-week4/src/node.js">
      <metrics statements="2" coveredstatements="2" conditionals="0" coveredconditionals="0" methods="1" coveredmethods="1"/>
      <line num="3" count="83" type="stmt"/>
      <line num="4" count="83" type="stmt"/>
    </file>
  </project>
</coverage>
