<?xml version="1.0" encoding="UTF-8"?>
<coverage generated="1607158870112" clover="3.2.0">
  <project timestamp="1607158870112" name="All files">
    <metrics statements="21" coveredstatements="19" conditionals="14" coveredconditionals="9" methods="4" coveredmethods="4" elements="39" coveredelements="32" complexity="0" loc="21" ncloc="21" packages="1" files="2" classes="2"/>
    <file name="linked-list.js" path="/Users/evgeniya/Desktop/computer-science/ds-week4/src/linked-list.js">
      <metrics statements="19" coveredstatements="17" conditionals="14" coveredconditionals="9" methods="3" coveredmethods="3"/>
      <line num="5" count="3" type="stmt"/>
      <line num="9" count="22" type="stmt"/>
      <line num="10" count="22" type="cond" truecount="2" falsecount="0"/>
      <line num="11" count="6" type="stmt"/>
      <line num="13" count="16" type="stmt"/>
      <line num="14" count="16" type="stmt"/>
      <line num="15" count="18" type="stmt"/>
      <line num="17" count="16" type="stmt"/>
      <line num="22" count="2" type="cond" truecount="4" falsecount="0"/>
      <line num="23" count="1" type="stmt"/>
      <line num="25" count="1" type="stmt"/>
      <line num="26" count="1" type="stmt"/>
      <line num="27" count="1" type="cond" truecount="2" falsecount="0"/>
      <line num="28" count="4" type="stmt"/>
      <line num="29" count="4" type="stmt"/>
      <line num="31" count="1" type="cond" truecount="1" falsecount="1"/>
      <line num="32" count="1" type="stmt"/>
      <line num="34" count="0" type="cond" truecount="0" falsecount="4"/>
      <line num="35" count="0" type="stmt"/>
    </file>
    <file name="node.js" path="/Users/evgeniya/Desktop/computer-science/ds-week4/src/node.js">
      <metrics statements="2" coveredstatements="2" conditionals="0" coveredconditionals="0" methods="1" coveredmethods="1"/>
      <line num="3" count="23" type="stmt"/>
      <line num="4" count="23" type="stmt"/>
    </file>
  </project>
</coverage>
