{"/Users/evgeniya/Desktop/computer-science/ds-week4/src/linked-list.js": {"path":"/Users/evgeniya/Desktop/computer-science/ds-week4/src/linked-list.js","statementMap":{"0":{"start":{"line":5,"column":4},"end":{"line":5,"column":21}},"1":{"start":{"line":9,"column":15},"end":{"line":9,"column":30}},"2":{"start":{"line":10,"column":4},"end":{"line":18,"column":5}},"3":{"start":{"line":11,"column":6},"end":{"line":11,"column":23}},"4":{"start":{"line":13,"column":17},"end":{"line":13,"column":26}},"5":{"start":{"line":14,"column":6},"end":{"line":16,"column":7}},"6":{"start":{"line":15,"column":8},"end":{"line":15,"column":25}},"7":{"start":{"line":17,"column":6},"end":{"line":17,"column":23}},"8":{"start":{"line":22,"column":15},"end":{"line":22,"column":30}},"9":{"start":{"line":23,"column":4},"end":{"line":38,"column":5}},"10":{"start":{"line":24,"column":6},"end":{"line":24,"column":27}},"11":{"start":{"line":26,"column":17},"end":{"line":26,"column":26}},"12":{"start":{"line":27,"column":18},"end":{"line":27,"column":19}},"13":{"start":{"line":28,"column":6},"end":{"line":31,"column":7}},"14":{"start":{"line":29,"column":8},"end":{"line":29,"column":25}},"15":{"start":{"line":30,"column":8},"end":{"line":30,"column":16}},"16":{"start":{"line":32,"column":6},"end":{"line":37,"column":7}},"17":{"start":{"line":33,"column":8},"end":{"line":33,"column":31}},"18":{"start":{"line":35,"column":8},"end":{"line":35,"column":30}},"19":{"start":{"line":36,"column":8},"end":{"line":36,"column":25}},"20":{"start":{"line":42,"column":15},"end":{"line":42,"column":30}},"21":{"start":{"line":43,"column":4},"end":{"line":48,"column":5}},"22":{"start":{"line":44,"column":6},"end":{"line":44,"column":23}},"23":{"start":{"line":46,"column":6},"end":{"line":46,"column":28}},"24":{"start":{"line":47,"column":6},"end":{"line":47,"column":23}},"25":{"start":{"line":52,"column":15},"end":{"line":52,"column":24}},"26":{"start":{"line":53,"column":16},"end":{"line":53,"column":17}},"27":{"start":{"line":54,"column":4},"end":{"line":57,"column":5}},"28":{"start":{"line":55,"column":6},"end":{"line":55,"column":23}},"29":{"start":{"line":56,"column":6},"end":{"line":56,"column":14}},"30":{"start":{"line":58,"column":4},"end":{"line":62,"column":5}},"31":{"start":{"line":59,"column":6},"end":{"line":59,"column":16}},"32":{"start":{"line":61,"column":6},"end":{"line":61,"column":18}},"33":{"start":{"line":66,"column":4},"end":{"line":81,"column":5}},"34":{"start":{"line":67,"column":6},"end":{"line":67,"column":33}},"35":{"start":{"line":69,"column":17},"end":{"line":69,"column":26}},"36":{"start":{"line":70,"column":18},"end":{"line":70,"column":19}},"37":{"start":{"line":71,"column":6},"end":{"line":74,"column":7}},"38":{"start":{"line":72,"column":8},"end":{"line":72,"column":25}},"39":{"start":{"line":73,"column":8},"end":{"line":73,"column":16}},"40":{"start":{"line":75,"column":6},"end":{"line":77,"column":7}},"41":{"start":{"line":76,"column":8},"end":{"line":76,"column":18}},"42":{"start":{"line":78,"column":6},"end":{"line":80,"column":7}},"43":{"start":{"line":79,"column":8},"end":{"line":79,"column":35}},"44":{"start":{"line":85,"column":15},"end":{"line":85,"column":24}},"45":{"start":{"line":86,"column":4},"end":{"line":92,"column":5}},"46":{"start":{"line":87,"column":6},"end":{"line":91,"column":7}},"47":{"start":{"line":88,"column":8},"end":{"line":88,"column":20}},"48":{"start":{"line":90,"column":8},"end":{"line":90,"column":25}},"49":{"start":{"line":93,"column":4},"end":{"line":95,"column":5}},"50":{"start":{"line":94,"column":6},"end":{"line":94,"column":16}},"51":{"start":{"line":99,"column":15},"end":{"line":99,"column":24}},"52":{"start":{"line":100,"column":16},"end":{"line":100,"column":17}},"53":{"start":{"line":101,"column":4},"end":{"line":104,"column":5}},"54":{"start":{"line":102,"column":6},"end":{"line":102,"column":23}},"55":{"start":{"line":103,"column":6},"end":{"line":103,"column":14}},"56":{"start":{"line":105,"column":4},"end":{"line":105,"column":17}}},"fnMap":{"0":{"name":"(anonymous_0)","decl":{"start":{"line":4,"column":2},"end":{"line":4,"column":3}},"loc":{"start":{"line":4,"column":15},"end":{"line":6,"column":3}},"line":4},"1":{"name":"(anonymous_1)","decl":{"start":{"line":8,"column":2},"end":{"line":8,"column":3}},"loc":{"start":{"line":8,"column":20},"end":{"line":19,"column":3}},"line":8},"2":{"name":"(anonymous_2)","decl":{"start":{"line":21,"column":2},"end":{"line":21,"column":3}},"loc":{"start":{"line":21,"column":30},"end":{"line":39,"column":3}},"line":21},"3":{"name":"(anonymous_3)","decl":{"start":{"line":41,"column":2},"end":{"line":41,"column":3}},"loc":{"start":{"line":41,"column":18},"end":{"line":49,"column":3}},"line":41},"4":{"name":"(anonymous_4)","decl":{"start":{"line":51,"column":2},"end":{"line":51,"column":3}},"loc":{"start":{"line":51,"column":13},"end":{"line":63,"column":3}},"line":51},"5":{"name":"(anonymous_5)","decl":{"start":{"line":65,"column":2},"end":{"line":65,"column":3}},"loc":{"start":{"line":65,"column":16},"end":{"line":82,"column":3}},"line":65},"6":{"name":"(anonymous_6)","decl":{"start":{"line":84,"column":2},"end":{"line":84,"column":3}},"loc":{"start":{"line":84,"column":16},"end":{"line":96,"column":3}},"line":84},"7":{"name":"(anonymous_7)","decl":{"start":{"line":98,"column":2},"end":{"line":98,"column":3}},"loc":{"start":{"line":98,"column":10},"end":{"line":106,"column":3}},"line":98}},"branchMap":{"0":{"loc":{"start":{"line":10,"column":4},"end":{"line":18,"column":5}},"type":"if","locations":[{"start":{"line":10,"column":4},"end":{"line":18,"column":5}},{"start":{"line":10,"column":4},"end":{"line":18,"column":5}}],"line":10},"1":{"loc":{"start":{"line":23,"column":4},"end":{"line":38,"column":5}},"type":"if","locations":[{"start":{"line":23,"column":4},"end":{"line":38,"column":5}},{"start":{"line":23,"column":4},"end":{"line":38,"column":5}}],"line":23},"2":{"loc":{"start":{"line":28,"column":12},"end":{"line":28,"column":45}},"type":"binary-expr","locations":[{"start":{"line":28,"column":12},"end":{"line":28,"column":24}},{"start":{"line":28,"column":28},"end":{"line":28,"column":45}}],"line":28},"3":{"loc":{"start":{"line":32,"column":6},"end":{"line":37,"column":7}},"type":"if","locations":[{"start":{"line":32,"column":6},"end":{"line":37,"column":7}},{"start":{"line":32,"column":6},"end":{"line":37,"column":7}}],"line":32},"4":{"loc":{"start":{"line":43,"column":4},"end":{"line":48,"column":5}},"type":"if","locations":[{"start":{"line":43,"column":4},"end":{"line":48,"column":5}},{"start":{"line":43,"column":4},"end":{"line":48,"column":5}}],"line":43},"5":{"loc":{"start":{"line":54,"column":10},"end":{"line":54,"column":37}},"type":"binary-expr","locations":[{"start":{"line":54,"column":10},"end":{"line":54,"column":22}},{"start":{"line":54,"column":26},"end":{"line":54,"column":37}}],"line":54},"6":{"loc":{"start":{"line":58,"column":4},"end":{"line":62,"column":5}},"type":"if","locations":[{"start":{"line":58,"column":4},"end":{"line":62,"column":5}},{"start":{"line":58,"column":4},"end":{"line":62,"column":5}}],"line":58},"7":{"loc":{"start":{"line":66,"column":4},"end":{"line":81,"column":5}},"type":"if","locations":[{"start":{"line":66,"column":4},"end":{"line":81,"column":5}},{"start":{"line":66,"column":4},"end":{"line":81,"column":5}}],"line":66},"8":{"loc":{"start":{"line":66,"column":7},"end":{"line":66,"column":38}},"type":"binary-expr","locations":[{"start":{"line":66,"column":7},"end":{"line":66,"column":17}},{"start":{"line":66,"column":21},"end":{"line":66,"column":38}}],"line":66},"9":{"loc":{"start":{"line":71,"column":12},"end":{"line":71,"column":39}},"type":"binary-expr","locations":[{"start":{"line":71,"column":12},"end":{"line":71,"column":24}},{"start":{"line":71,"column":28},"end":{"line":71,"column":39}}],"line":71},"10":{"loc":{"start":{"line":75,"column":6},"end":{"line":77,"column":7}},"type":"if","locations":[{"start":{"line":75,"column":6},"end":{"line":77,"column":7}},{"start":{"line":75,"column":6},"end":{"line":77,"column":7}}],"line":75},"11":{"loc":{"start":{"line":78,"column":6},"end":{"line":80,"column":7}},"type":"if","locations":[{"start":{"line":78,"column":6},"end":{"line":80,"column":7}},{"start":{"line":78,"column":6},"end":{"line":80,"column":7}}],"line":78},"12":{"loc":{"start":{"line":78,"column":9},"end":{"line":78,"column":42}},"type":"binary-expr","locations":[{"start":{"line":78,"column":9},"end":{"line":78,"column":21}},{"start":{"line":78,"column":25},"end":{"line":78,"column":42}}],"line":78},"13":{"loc":{"start":{"line":87,"column":6},"end":{"line":91,"column":7}},"type":"if","locations":[{"start":{"line":87,"column":6},"end":{"line":91,"column":7}},{"start":{"line":87,"column":6},"end":{"line":91,"column":7}}],"line":87},"14":{"loc":{"start":{"line":93,"column":4},"end":{"line":95,"column":5}},"type":"if","locations":[{"start":{"line":93,"column":4},"end":{"line":95,"column":5}},{"start":{"line":93,"column":4},"end":{"line":95,"column":5}}],"line":93}},"s":{"0":3,"1":75,"2":75,"3":19,"4":56,"5":56,"6":60,"7":56,"8":5,"9":5,"10":1,"11":4,"12":4,"13":4,"14":10,"15":10,"16":4,"17":1,"18":3,"19":3,"20":2,"21":2,"22":0,"23":2,"24":2,"25":3,"26":3,"27":3,"28":6,"29":6,"30":3,"31":1,"32":2,"33":3,"34":2,"35":1,"36":1,"37":1,"38":4,"39":4,"40":1,"41":1,"42":0,"43":0,"44":2,"45":2,"46":7,"47":1,"48":6,"49":1,"50":1,"51":3,"52":3,"53":3,"54":12,"55":12,"56":3},"f":{"0":3,"1":75,"2":5,"3":2,"4":3,"5":3,"6":2,"7":3},"b":{"0":[19,56],"1":[1,4],"2":[14,13],"3":[1,3],"4":[0,2],"5":[9,8],"6":[1,2],"7":[2,1],"8":[3,2],"9":[5,4],"10":[1,0],"11":[0,0],"12":[0,0],"13":[1,6],"14":[1,0]},"_coverageSchema":"43e27e138ebf9cfc5966b082cf9a028302ed4184","hash":"cdaf85c6eb0edd6da2f5321eb4baa6fd303d41dd"}
,"/Users/evgeniya/Desktop/computer-science/ds-week4/src/node.js": {"path":"/Users/evgeniya/Desktop/computer-science/ds-week4/src/node.js","statementMap":{"0":{"start":{"line":3,"column":4},"end":{"line":3,"column":21}},"1":{"start":{"line":4,"column":4},"end":{"line":4,"column":21}}},"fnMap":{"0":{"name":"(anonymous_0)","decl":{"start":{"line":2,"column":2},"end":{"line":2,"column":3}},"loc":{"start":{"line":2,"column":19},"end":{"line":5,"column":3}},"line":2}},"branchMap":{},"s":{"0":83,"1":83},"f":{"0":83},"b":{},"_coverageSchema":"43e27e138ebf9cfc5966b082cf9a028302ed4184","hash":"5dde27ec18d2e0b418bbad850e478e874ce836b5"}
}
