TN:
SF:/Users/evgeniya/Desktop/computer-science/ds-week4/src/linked-list.js
FN:4,(anonymous_0)
FN:8,(anonymous_1)
FN:21,(anonymous_2)
FNF:3
FNH:3
FNDA:3,(anonymous_0)
FNDA:22,(anonymous_1)
FNDA:2,(anonymous_2)
DA:5,3
DA:9,22
DA:10,22
DA:11,6
DA:13,16
DA:14,16
DA:15,18
DA:17,16
DA:22,2
DA:23,1
DA:25,1
DA:26,1
DA:27,1
DA:28,4
DA:29,4
DA:31,1
DA:32,1
DA:34,0
DA:35,0
LF:19
LH:17
BRDA:10,0,0,6
BRDA:10,0,1,16
BRDA:22,1,0,1
BRDA:22,1,1,1
BRDA:22,2,0,2
BRDA:22,2,1,1
BRDA:27,3,0,5
BRDA:27,3,1,4
BRDA:31,4,0,1
BRDA:31,4,1,0
BRDA:34,5,0,0
BRDA:34,5,1,0
BRDA:34,6,0,0
BRDA:34,6,1,0
BRF:14
BRH:9
end_of_record
TN:
SF:/Users/evgeniya/Desktop/computer-science/ds-week4/src/node.js
FN:2,(anonymous_0)
FNF:1
FNH:1
FNDA:23,(anonymous_0)
DA:3,23
DA:4,23
LF:2
LH:2
BRF:0
BRH:0
end_of_record
