TN:
SF:/Users/evgeniya/Desktop/computer-science/ds-week4/src/linked-list.js
FN:4,(anonymous_0)
FN:8,(anonymous_1)
FN:21,(anonymous_2)
FN:41,(anonymous_3)
FN:51,(anonymous_4)
FN:65,(anonymous_5)
FN:84,(anonymous_6)
FN:98,(anonymous_7)
FNF:8
FNH:8
FNDA:3,(anonymous_0)
FNDA:75,(anonymous_1)
FNDA:5,(anonymous_2)
FNDA:2,(anonymous_3)
FNDA:3,(anonymous_4)
FNDA:3,(anonymous_5)
FNDA:2,(anonymous_6)
FNDA:3,(anonymous_7)
DA:5,3
DA:9,75
DA:10,75
DA:11,19
DA:13,56
DA:14,56
DA:15,60
DA:17,56
DA:22,5
DA:23,5
DA:24,1
DA:26,4
DA:27,4
DA:28,4
DA:29,10
DA:30,10
DA:32,4
DA:33,1
DA:35,3
DA:36,3
DA:42,2
DA:43,2
DA:44,0
DA:46,2
DA:47,2
DA:52,3
DA:53,3
DA:54,3
DA:55,6
DA:56,6
DA:58,3
DA:59,1
DA:61,2
DA:66,3
DA:67,2
DA:69,1
DA:70,1
DA:71,1
DA:72,4
DA:73,4
DA:75,1
DA:76,1
DA:78,0
DA:79,0
DA:85,2
DA:86,2
DA:87,7
DA:88,1
DA:90,6
DA:93,1
DA:94,1
DA:99,3
DA:100,3
DA:101,3
DA:102,12
DA:103,12
DA:105,3
LF:57
LH:54
BRDA:10,0,0,19
BRDA:10,0,1,56
BRDA:23,1,0,1
BRDA:23,1,1,4
BRDA:28,2,0,14
BRDA:28,2,1,13
BRDA:32,3,0,1
BRDA:32,3,1,3
BRDA:43,4,0,0
BRDA:43,4,1,2
BRDA:54,5,0,9
BRDA:54,5,1,8
BRDA:58,6,0,1
BRDA:58,6,1,2
BRDA:66,7,0,2
BRDA:66,7,1,1
BRDA:66,8,0,3
BRDA:66,8,1,2
BRDA:71,9,0,5
BRDA:71,9,1,4
BRDA:75,10,0,1
BRDA:75,10,1,0
BRDA:78,11,0,0
BRDA:78,11,1,0
BRDA:78,12,0,0
BRDA:78,12,1,0
BRDA:87,13,0,1
BRDA:87,13,1,6
BRDA:93,14,0,1
BRDA:93,14,1,0
BRF:30
BRH:23
end_of_record
TN:
SF:/Users/evgeniya/Desktop/computer-science/ds-week4/src/node.js
FN:2,(anonymous_0)
FNF:1
FNH:1
FNDA:83,(anonymous_0)
DA:3,83
DA:4,83
LF:2
LH:2
BRF:0
BRH:0
end_of_record
